C51 COMPILER V9.60.0.0   MAIN                                                              06/28/2021 03:56:14 PAGE 1   


C51 COMPILER V9.60.0.0, COMPILATION OF MODULE MAIN
OBJECT MODULE PLACED IN .\Objects\main.obj
COMPILER INVOKED BY: C:\Keil_v5\C51\BIN\C51.EXE main.c OPTIMIZE(8,SPEED) BROWSE DEBUG OBJECTEXTEND PRINT(.\Listings\main
                    -.lst) TABS(2) OBJECT(.\Objects\main.obj)

line level    source

   1          
   2          #include <reg51.h> 
   3          sbit LED = P1^0;       
   4          
   5          void Delay() 
   6          {
   7   1        TH0 = 0x80;    
   8   1        TL0 = 0x10;   
   9   1        TR0 = 1;      
  10   1        while(TF0 == 0);  
  11   1        TR0 = 0;   
  12   1        TF0 = 0;     
  13   1      }
  14          void main()
  15          {
  16   1        TMOD = 0x00;  
  17   1        while(1)
  18   1        {
  19   2          LED = ~LED;   
  20   2          Delay();
  21   2        }
  22   1      }


MODULE INFORMATION:   STATIC OVERLAYABLE
   CODE SIZE        =     26    ----
   CONSTANT SIZE    =   ----    ----
   XDATA SIZE       =   ----    ----
   PDATA SIZE       =   ----    ----
   DATA SIZE        =   ----    ----
   IDATA SIZE       =   ----    ----
   BIT SIZE         =   ----    ----
END OF MODULE INFORMATION.


C51 COMPILATION COMPLETE.  0 WARNING(S),  0 ERROR(S)
