C51 COMPILER V9.60.0.0   MAIN                                                              01/07/2021 05:10:57 PAGE 1   


C51 COMPILER V9.60.0.0, COMPILATION OF MODULE MAIN
OBJECT MODULE PLACED IN .\Objects\main.obj
COMPILER INVOKED BY: C:\Keil_v5\C51\BIN\C51.EXE main.c OPTIMIZE(8,SPEED) BROWSE DEBUG OBJECTEXTEND PRINT(.\Listings\main
                    -.lst) TABS(2) OBJECT(.\Objects\main.obj)

line level    source

   1          #include<reg52.h>  
   2          int i;
   3          sbit LED = P0^0;
   4          void main (void) 
   5          {
   6   1          while(1)              
   7   1          {
   8   2            LED = 0;
   9   2            for(i=0;i<30000;i++)
  10   2            {
  11   3            }
  12   2            LED = 1; 
  13   2            for(i=0;i<30000;i++)
  14   2            {
  15   3            }
  16   2          }
  17   1      }
  18          


MODULE INFORMATION:   STATIC OVERLAYABLE
   CODE SIZE        =     53    ----
   CONSTANT SIZE    =   ----    ----
   XDATA SIZE       =   ----    ----
   PDATA SIZE       =   ----    ----
   DATA SIZE        =      2    ----
   IDATA SIZE       =   ----    ----
   BIT SIZE         =   ----    ----
END OF MODULE INFORMATION.


C51 COMPILATION COMPLETE.  0 WARNING(S),  0 ERROR(S)
